  Compiling CUDA source file kernel.cu...
  
  C:\Users\JheelP\Desktop\Sem 7\DSMC - Minor Project\VSCode\cudadsmc\Code2>"C:\Program Files\NVIDIA GPU Computing Toolkit\CUDA\v10.1\bin\nvcc.exe" -gencode=arch=compute_35,code=\"sm_35,compute_35\" --use-local-env -ccbin "C:\Program Files (x86)\Microsoft Visual Studio\2019\Community\VC\Tools\MSVC\14.27.29110\bin\HostX86\x64" -x cu  -I"C:\Program Files\NVIDIA GPU Computing Toolkit\CUDA\v10.1\include" -I"C:\Program Files\NVIDIA GPU Computing Toolkit\CUDA\v10.1\include"  -G   --keep-dir x64\Debug -maxrregcount=0  --machine 64 --compile -cudart static  -g   -DWIN32 -DWIN64 -D_DEBUG -D_CONSOLE -D_MBCS -Xcompiler "/EHsc /W3 /nologo /Od /Fdx64\Debug\vc142.pdb /FS /Zi /RTC1 /MDd " -o x64\Debug\kernel.cu.obj "C:\Users\JheelP\Desktop\Sem 7\DSMC - Minor Project\VSCode\cudadsmc\Code2\kernel.cu" 
C:/Users/JheelP/Desktop/Sem 7/DSMC - Minor Project/VSCode/cudadsmc/Code2/kernel.cu(24): warning : conversion from a string literal to "char *" is deprecated
  
C:/Users/JheelP/Desktop/Sem 7/DSMC - Minor Project/VSCode/cudadsmc/Code2/kernel.cu(25): warning : conversion from a string literal to "char *" is deprecated
  
C:/Users/JheelP/Desktop/Sem 7/DSMC - Minor Project/VSCode/cudadsmc/Code2/kernel.cu(26): warning : conversion from a string literal to "char *" is deprecated
  
C:/Users/JheelP/Desktop/Sem 7/DSMC - Minor Project/VSCode/cudadsmc/Code2/kernel.cu(32): warning : conversion from a string literal to "char *" is deprecated
  
C:/Users/JheelP/Desktop/Sem 7/DSMC - Minor Project/VSCode/cudadsmc/Code2/kernel.cu(136): warning : conversion from a string literal to "char *" is deprecated
  
C:/Users/JheelP/Desktop/Sem 7/DSMC - Minor Project/VSCode/cudadsmc/Code2/kernel.cu(137): warning : conversion from a string literal to "char *" is deprecated
  
C:/Users/JheelP/Desktop/Sem 7/DSMC - Minor Project/VSCode/cudadsmc/Code2/kernel.cu(13): warning : variable "error" was declared but never referenced
  
C:/Users/JheelP/Desktop/Sem 7/DSMC - Minor Project/VSCode/cudadsmc/Code2/kernel.cu(86): warning : variable "outFlag" was set but never used
  
C:/Users/JheelP/Desktop/Sem 7/DSMC - Minor Project/VSCode/cudadsmc/Code2/kernel.cu(94): warning : variable "hostIntersectionFlag" was set but never used
  
C:/Users/JheelP/Desktop/Sem 7/DSMC - Minor Project/VSCode/cudadsmc/Code2/kernel.cu(24): warning : conversion from a string literal to "char *" is deprecated
  
C:/Users/JheelP/Desktop/Sem 7/DSMC - Minor Project/VSCode/cudadsmc/Code2/kernel.cu(25): warning : conversion from a string literal to "char *" is deprecated
  
C:/Users/JheelP/Desktop/Sem 7/DSMC - Minor Project/VSCode/cudadsmc/Code2/kernel.cu(26): warning : conversion from a string literal to "char *" is deprecated
  
C:/Users/JheelP/Desktop/Sem 7/DSMC - Minor Project/VSCode/cudadsmc/Code2/kernel.cu(32): warning : conversion from a string literal to "char *" is deprecated
  
C:/Users/JheelP/Desktop/Sem 7/DSMC - Minor Project/VSCode/cudadsmc/Code2/kernel.cu(136): warning : conversion from a string literal to "char *" is deprecated
  
C:/Users/JheelP/Desktop/Sem 7/DSMC - Minor Project/VSCode/cudadsmc/Code2/kernel.cu(137): warning : conversion from a string literal to "char *" is deprecated
  
  kernel.cu
C:\Users\JheelP\Desktop\Sem 7\DSMC - Minor Project\VSCode\cudadsmc\Code2\initialization.cuh(69): warning C4244: '=': conversion from 'double' to 'unsigned int', possible loss of data
C:\Users\JheelP\Desktop\Sem 7\DSMC - Minor Project\VSCode\cudadsmc\Code2\initialization.cuh(70): warning C4244: '=': conversion from 'double' to 'unsigned int', possible loss of data
C:\Users\JheelP\Desktop\Sem 7\DSMC - Minor Project\VSCode\cudadsmc\Code2\initialization.cuh(78): warning C4244: '=': conversion from 'double' to 'unsigned int', possible loss of data
C:\Users\JheelP\Desktop\Sem 7\DSMC - Minor Project\VSCode\cudadsmc\Code2\initialization.cuh(82): warning C4477: 'printf' : format string '%llu' requires an argument of type 'unsigned __int64', but variadic argument 3 has type 'double'
C:\Users\JheelP\Desktop\Sem 7\DSMC - Minor Project\VSCode\cudadsmc\Code2\rayleighDistribution.cuh(27): warning C4267: 'argument': conversion from 'size_t' to 'unsigned int', possible loss of data
C:\Users\JheelP\Desktop\Sem 7\DSMC - Minor Project\VSCode\cudadsmc\Code2\rayleighDistribution.cuh(28): warning C4267: 'argument': conversion from 'size_t' to 'unsigned int', possible loss of data
C:\Users\JheelP\Desktop\Sem 7\DSMC - Minor Project\VSCode\cudadsmc\Code2\boundaryCollisions.cuh(71): warning C4244: 'argument': conversion from 'unsigned __int64' to 'unsigned long', possible loss of data
C:\Users\JheelP\Desktop\Sem 7\DSMC - Minor Project\VSCode\cudadsmc\Code2\binaryCollisions.h(14): warning C4244: 'initializing': conversion from 'double' to 'unsigned int', possible loss of data
C:\Users\JheelP\Desktop\Sem 7\DSMC - Minor Project\VSCode\cudadsmc\Code2\binaryCollisions.h(25): warning C4244: '=': conversion from 'double' to 'unsigned int', possible loss of data
C:\Users\JheelP\Desktop\Sem 7\DSMC - Minor Project\VSCode\cudadsmc\Code2\binaryCollisions.h(32): warning C4244: '=': conversion from 'double' to 'unsigned int', possible loss of data
C:/Users/JheelP/Desktop/Sem 7/DSMC - Minor Project/VSCode/cudadsmc/Code2/kernel.cu(13): warning C4101: 'error': unreferenced local variable
     Creating library C:\Users\JheelP\Desktop\Sem 7\DSMC - Minor Project\VSCode\cudadsmc\x64\Debug\Code2.lib and object C:\Users\JheelP\Desktop\Sem 7\DSMC - Minor Project\VSCode\cudadsmc\x64\Debug\Code2.exp
  Code2.vcxproj -> C:\Users\JheelP\Desktop\Sem 7\DSMC - Minor Project\VSCode\cudadsmc\x64\Debug\Code2.exe
